<?xml version="1.0" encoding="UTF-8"?>
<!-- Generated by org.testng.reporters.JUnitReportReporter -->
<testsuite skipped="0" hostname="DESKTOP-U8EHGOG" name="flipkart.testcases.TC_01_VerifyTitle" tests="1" failures="0" timestamp="20 Oct 2018 09:49:32 GMT" time="7.975" errors="0">
  <testcase name="verifyTitle" time="7.975" classname="flipkart.testcases.TC_01_VerifyTitle"/>
</testsuite> <!-- flipkart.testcases.TC_01_VerifyTitle -->
