<?xml version="1.0" encoding="UTF-8"?>
<!-- Generated by org.testng.reporters.JUnitReportReporter -->
<testsuite skipped="0" hostname="DESKTOP-U8EHGOG" name="flipkart.Electronics.Keywords" tests="1" failures="0" timestamp="23 Sep 2018 16:58:56 GMT" time="21.944" errors="0">
  <testcase name="openbrowser" time="21.944" classname="flipkart.Electronics.Keywords"/>
</testsuite> <!-- flipkart.Electronics.Keywords -->
